LD_LIBRARY_PATH=.:../../.. "gcc -o conftest -I../../../.ext/include/aarch64-linux -I../../.././include -I../../.././ext/io/console    -O3 -fno-fast-math -ggdb3 -Wall -Wextra -Wdeprecated-declarations -Wduplicated-cond -Wimplicit-function-declaration -Wimplicit-int -Wmisleading-indentation -Wpointer-arith -Wwrite-strings -Wold-style-definition -Wimplicit-fallthrough=0 -Wmissing-noreturn -Wno-cast-function-type -Wno-constant-logical-operand -Wno-long-long -Wno-missing-field-initializers -Wno-overlength-strings -Wno-packed-bitfield-compat -Wno-parentheses-equality -Wno-self-assign -Wno-tautological-compare -Wno-unused-parameter -Wno-unused-value -Wsuggest-attribute=format -Wsuggest-attribute=noreturn -Wunused-variable -Wundef conftest.c  -L. -L../../.. -L. -fstack-protector-strong -rdynamic -Wl,-export-dynamic     -Wl,-rpath,/usr/local/lib -L/usr/local/lib -lruby-static -lz -lpthread -lrt -lrt -lgmp -ldl -lcrypt -lm   -lm  -lc"
checked program was:
/* begin */
1: #include "ruby.h"
2: 
3: int main(int argc, char **argv)
4: {
5:   return !!argv[argc];
6: }
/* end */

LD_LIBRARY_PATH=.:../../.. "gcc -I../../../.ext/include/aarch64-linux -I../../.././include -I../../.././ext/io/console    -O3 -fno-fast-math -ggdb3 -Wall -Wextra -Wdeprecated-declarations -Wduplicated-cond -Wimplicit-function-declaration -Wimplicit-int -Wmisleading-indentation -Wpointer-arith -Wwrite-strings -Wold-style-definition -Wimplicit-fallthrough=0 -Wmissing-noreturn -Wno-cast-function-type -Wno-constant-logical-operand -Wno-long-long -Wno-missing-field-initializers -Wno-overlength-strings -Wno-packed-bitfield-compat -Wno-parentheses-equality -Wno-self-assign -Wno-tautological-compare -Wno-unused-parameter -Wno-unused-value -Wsuggest-attribute=format -Wsuggest-attribute=noreturn -Wunused-variable -Wundef   -c conftest.c"
conftest.c:5:3: error: #error 
    5 | # error
      |   ^~~~~
conftest.c:6:1: error: expected identifier or ‘(’ before ‘|’ token
    6 | |:/ === _WIN32 undefined === /:|
      | ^
cc1: note: unrecognized command-line option ‘-Wno-self-assign’ may have been intended to silence earlier diagnostics
cc1: note: unrecognized command-line option ‘-Wno-parentheses-equality’ may have been intended to silence earlier diagnostics
cc1: note: unrecognized command-line option ‘-Wno-constant-logical-operand’ may have been intended to silence earlier diagnostics
checked program was:
/* begin */
1: #include "ruby.h"
2: 
3: /*top*/
4: #ifndef _WIN32
5: # error
6: |:/ === _WIN32 undefined === /:|
7: #endif
/* end */

have_header: checking for termios.h... -------------------- yes

LD_LIBRARY_PATH=.:../../.. "gcc -I../../../.ext/include/aarch64-linux -I../../.././include -I../../.././ext/io/console    -O3 -fno-fast-math -ggdb3 -Wall -Wextra -Wdeprecated-declarations -Wduplicated-cond -Wimplicit-function-declaration -Wimplicit-int -Wmisleading-indentation -Wpointer-arith -Wwrite-strings -Wold-style-definition -Wimplicit-fallthrough=0 -Wmissing-noreturn -Wno-cast-function-type -Wno-constant-logical-operand -Wno-long-long -Wno-missing-field-initializers -Wno-overlength-strings -Wno-packed-bitfield-compat -Wno-parentheses-equality -Wno-self-assign -Wno-tautological-compare -Wno-unused-parameter -Wno-unused-value -Wsuggest-attribute=format -Wsuggest-attribute=noreturn -Wunused-variable -Wundef   -c conftest.c"
checked program was:
/* begin */
1: #include "ruby.h"
2: 
3: #include <termios.h>
/* end */

--------------------

have_func: checking for cfmakeraw() in termios.h... -------------------- yes

LD_LIBRARY_PATH=.:../../.. "gcc -o conftest -I../../../.ext/include/aarch64-linux -I../../.././include -I../../.././ext/io/console    -O3 -fno-fast-math -ggdb3 -Wall -Wextra -Wdeprecated-declarations -Wduplicated-cond -Wimplicit-function-declaration -Wimplicit-int -Wmisleading-indentation -Wpointer-arith -Wwrite-strings -Wold-style-definition -Wimplicit-fallthrough=0 -Wmissing-noreturn -Wno-cast-function-type -Wno-constant-logical-operand -Wno-long-long -Wno-missing-field-initializers -Wno-overlength-strings -Wno-packed-bitfield-compat -Wno-parentheses-equality -Wno-self-assign -Wno-tautological-compare -Wno-unused-parameter -Wno-unused-value -Wsuggest-attribute=format -Wsuggest-attribute=noreturn -Wunused-variable -Wundef conftest.c  -L. -L../../.. -L. -fstack-protector-strong -rdynamic -Wl,-export-dynamic     -Wl,-rpath,/usr/local/lib -L/usr/local/lib -lruby-static -lz -lpthread -lrt -lrt -lgmp -ldl -lcrypt -lm   -lm  -lc"
checked program was:
/* begin */
 1: #include "ruby.h"
 2: 
 3: #include <termios.h>
 4: 
 5: /*top*/
 6: extern int t(void);
 7: int main(int argc, char **argv)
 8: {
 9:   if (argc > 1000000) {
10:     int (* volatile tp)(void)=(int (*)(void))&t;
11:     printf("%d", (*tp)());
12:   }
13: 
14:   return !!argv[argc];
15: }
16: int t(void) { void ((*volatile p)()); p = (void ((*)()))cfmakeraw; return !p; }
/* end */

--------------------

have_header: checking for sys/ioctl.h... -------------------- yes

LD_LIBRARY_PATH=.:../../.. "gcc -I../../../.ext/include/aarch64-linux -I../../.././include -I../../.././ext/io/console    -O3 -fno-fast-math -ggdb3 -Wall -Wextra -Wdeprecated-declarations -Wduplicated-cond -Wimplicit-function-declaration -Wimplicit-int -Wmisleading-indentation -Wpointer-arith -Wwrite-strings -Wold-style-definition -Wimplicit-fallthrough=0 -Wmissing-noreturn -Wno-cast-function-type -Wno-constant-logical-operand -Wno-long-long -Wno-missing-field-initializers -Wno-overlength-strings -Wno-packed-bitfield-compat -Wno-parentheses-equality -Wno-self-assign -Wno-tautological-compare -Wno-unused-parameter -Wno-unused-value -Wsuggest-attribute=format -Wsuggest-attribute=noreturn -Wunused-variable -Wundef   -c conftest.c"
checked program was:
/* begin */
1: #include "ruby.h"
2: 
3: #include <sys/ioctl.h>
/* end */

--------------------

have_macro: checking for HAVE_RUBY_FIBER_SCHEDULER_H... -------------------- yes

LD_LIBRARY_PATH=.:../../.. "gcc -I../../../.ext/include/aarch64-linux -I../../.././include -I../../.././ext/io/console    -O3 -fno-fast-math -ggdb3 -Wall -Wextra -Wdeprecated-declarations -Wduplicated-cond -Wimplicit-function-declaration -Wimplicit-int -Wmisleading-indentation -Wpointer-arith -Wwrite-strings -Wold-style-definition -Wimplicit-fallthrough=0 -Wmissing-noreturn -Wno-cast-function-type -Wno-constant-logical-operand -Wno-long-long -Wno-missing-field-initializers -Wno-overlength-strings -Wno-packed-bitfield-compat -Wno-parentheses-equality -Wno-self-assign -Wno-tautological-compare -Wno-unused-parameter -Wno-unused-value -Wsuggest-attribute=format -Wsuggest-attribute=noreturn -Wunused-variable -Wundef   -c conftest.c"
checked program was:
/* begin */
1: #include "ruby.h"
2: 
3: /*top*/
4: #ifndef HAVE_RUBY_FIBER_SCHEDULER_H
5: # error
6: |:/ === HAVE_RUBY_FIBER_SCHEDULER_H undefined === /:|
7: #endif
/* end */

--------------------

extconf.h is:
/* begin */
1: #ifndef EXTCONF_H
2: #define EXTCONF_H
3: #define HAVE_TERMIOS_H 1
4: #define HAVE_CFMAKERAW 1
5: #define HAVE_SYS_IOCTL_H 1
6: #define HAVE_RB_IO_WAIT 1
7: #define ENABLE_IO_GETPASS 1
8: #endif
/* end */

