have_func: checking for rb_io_wait()... -------------------- yes

LD_LIBRARY_PATH=.:../../.. "gcc -o conftest -I../../../.ext/include/aarch64-linux -I../../.././include -I../../.././ext/io/wait    -O3 -fno-fast-math -ggdb3 -Wall -Wextra -Wdeprecated-declarations -Wduplicated-cond -Wimplicit-function-declaration -Wimplicit-int -Wmisleading-indentation -Wpointer-arith -Wwrite-strings -Wold-style-definition -Wimplicit-fallthrough=0 -Wmissing-noreturn -Wno-cast-function-type -Wno-constant-logical-operand -Wno-long-long -Wno-missing-field-initializers -Wno-overlength-strings -Wno-packed-bitfield-compat -Wno-parentheses-equality -Wno-self-assign -Wno-tautological-compare -Wno-unused-parameter -Wno-unused-value -Wsuggest-attribute=format -Wsuggest-attribute=noreturn -Wunused-variable -Wundef conftest.c  -L. -L../../.. -L. -fstack-protector-strong -rdynamic -Wl,-export-dynamic     -Wl,-rpath,/usr/local/lib -L/usr/local/lib -lruby-static -lz -lpthread -lrt -lrt -lgmp -ldl -lcrypt -lm   -lm  -lc"
conftest.c: In function ‘t’:
conftest.c:14:57: error: ‘rb_io_wait’ undeclared (first use in this function); did you mean ‘rb_io_write’?
   14 | int t(void) { void ((*volatile p)()); p = (void ((*)()))rb_io_wait; return !p; }
      |                                                         ^~~~~~~~~~
      |                                                         rb_io_write
conftest.c:14:57: note: each undeclared identifier is reported only once for each function it appears in
conftest.c: At top level:
cc1: note: unrecognized command-line option ‘-Wno-self-assign’ may have been intended to silence earlier diagnostics
cc1: note: unrecognized command-line option ‘-Wno-parentheses-equality’ may have been intended to silence earlier diagnostics
cc1: note: unrecognized command-line option ‘-Wno-constant-logical-operand’ may have been intended to silence earlier diagnostics
checked program was:
/* begin */
 1: #include "ruby.h"
 2: 
 3: /*top*/
 4: extern int t(void);
 5: int main(int argc, char **argv)
 6: {
 7:   if (argc > 1000000) {
 8:     int (* volatile tp)(void)=(int (*)(void))&t;
 9:     printf("%d", (*tp)());
10:   }
11: 
12:   return !!argv[argc];
13: }
14: int t(void) { void ((*volatile p)()); p = (void ((*)()))rb_io_wait; return !p; }
/* end */

LD_LIBRARY_PATH=.:../../.. "gcc -o conftest -I../../../.ext/include/aarch64-linux -I../../.././include -I../../.././ext/io/wait    -O3 -fno-fast-math -ggdb3 -Wall -Wextra -Wdeprecated-declarations -Wduplicated-cond -Wimplicit-function-declaration -Wimplicit-int -Wmisleading-indentation -Wpointer-arith -Wwrite-strings -Wold-style-definition -Wimplicit-fallthrough=0 -Wmissing-noreturn -Wno-cast-function-type -Wno-constant-logical-operand -Wno-long-long -Wno-missing-field-initializers -Wno-overlength-strings -Wno-packed-bitfield-compat -Wno-parentheses-equality -Wno-self-assign -Wno-tautological-compare -Wno-unused-parameter -Wno-unused-value -Wsuggest-attribute=format -Wsuggest-attribute=noreturn -Wunused-variable -Wundef conftest.c  -L. -L../../.. -L. -fstack-protector-strong -rdynamic -Wl,-export-dynamic     -Wl,-rpath,/usr/local/lib -L/usr/local/lib -lruby-static -lz -lpthread -lrt -lrt -lgmp -ldl -lcrypt -lm   -lm  -lc"
checked program was:
/* begin */
 1: #include "ruby.h"
 2: 
 3: /*top*/
 4: extern int t(void);
 5: int main(int argc, char **argv)
 6: {
 7:   if (argc > 1000000) {
 8:     int (* volatile tp)(void)=(int (*)(void))&t;
 9:     printf("%d", (*tp)());
10:   }
11: 
12:   return !!argv[argc];
13: }
14: extern void rb_io_wait();
15: int t(void) { rb_io_wait(); return 0; }
/* end */

--------------------

LD_LIBRARY_PATH=.:../../.. "gcc -I../../../.ext/include/aarch64-linux -I../../.././include -I../../.././ext/io/wait    -O3 -fno-fast-math -ggdb3 -Wall -Wextra -Wdeprecated-declarations -Wduplicated-cond -Wimplicit-function-declaration -Wimplicit-int -Wmisleading-indentation -Wpointer-arith -Wwrite-strings -Wold-style-definition -Wimplicit-fallthrough=0 -Wmissing-noreturn -Wno-cast-function-type -Wno-constant-logical-operand -Wno-long-long -Wno-missing-field-initializers -Wno-overlength-strings -Wno-packed-bitfield-compat -Wno-parentheses-equality -Wno-self-assign -Wno-tautological-compare -Wno-unused-parameter -Wno-unused-value -Wsuggest-attribute=format -Wsuggest-attribute=noreturn -Wunused-variable -Wundef   -c conftest.c"
conftest.c:6:3: error: #error 
    6 | # error
      |   ^~~~~
conftest.c:7:1: error: expected identifier or ‘(’ before ‘|’ token
    7 | |:/ === DOSISH undefined === /:|
      | ^
cc1: note: unrecognized command-line option ‘-Wno-self-assign’ may have been intended to silence earlier diagnostics
cc1: note: unrecognized command-line option ‘-Wno-parentheses-equality’ may have been intended to silence earlier diagnostics
cc1: note: unrecognized command-line option ‘-Wno-constant-logical-operand’ may have been intended to silence earlier diagnostics
checked program was:
/* begin */
1: #include "ruby.h"
2: 
3: #include <ruby.h>
4: /*top*/
5: #ifndef DOSISH
6: # error
7: |:/ === DOSISH undefined === /:|
8: #endif
/* end */

have_header: checking for sys/ioctl.h... -------------------- yes

LD_LIBRARY_PATH=.:../../.. "gcc -I../../../.ext/include/aarch64-linux -I../../.././include -I../../.././ext/io/wait    -O3 -fno-fast-math -ggdb3 -Wall -Wextra -Wdeprecated-declarations -Wduplicated-cond -Wimplicit-function-declaration -Wimplicit-int -Wmisleading-indentation -Wpointer-arith -Wwrite-strings -Wold-style-definition -Wimplicit-fallthrough=0 -Wmissing-noreturn -Wno-cast-function-type -Wno-constant-logical-operand -Wno-long-long -Wno-missing-field-initializers -Wno-overlength-strings -Wno-packed-bitfield-compat -Wno-parentheses-equality -Wno-self-assign -Wno-tautological-compare -Wno-unused-parameter -Wno-unused-value -Wsuggest-attribute=format -Wsuggest-attribute=noreturn -Wunused-variable -Wundef   -c conftest.c"
checked program was:
/* begin */
1: #include "ruby.h"
2: 
3: #include <sys/ioctl.h>
/* end */

--------------------

have_macro: checking for FIONREAD in sys/ioctl.h,sys/ioctl.h... -------------------- yes

LD_LIBRARY_PATH=.:../../.. "gcc -I../../../.ext/include/aarch64-linux -I../../.././include -I../../.././ext/io/wait    -O3 -fno-fast-math -ggdb3 -Wall -Wextra -Wdeprecated-declarations -Wduplicated-cond -Wimplicit-function-declaration -Wimplicit-int -Wmisleading-indentation -Wpointer-arith -Wwrite-strings -Wold-style-definition -Wimplicit-fallthrough=0 -Wmissing-noreturn -Wno-cast-function-type -Wno-constant-logical-operand -Wno-long-long -Wno-missing-field-initializers -Wno-overlength-strings -Wno-packed-bitfield-compat -Wno-parentheses-equality -Wno-self-assign -Wno-tautological-compare -Wno-unused-parameter -Wno-unused-value -Wsuggest-attribute=format -Wsuggest-attribute=noreturn -Wunused-variable -Wundef   -c conftest.c"
checked program was:
/* begin */
1: #include "ruby.h"
2: 
3: #include <sys/ioctl.h>
4: #include <sys/ioctl.h>
5: /*top*/
6: #ifndef FIONREAD
7: # error
8: |:/ === FIONREAD undefined === /:|
9: #endif
/* end */

--------------------

extconf.h is:
/* begin */
1: #ifndef EXTCONF_H
2: #define EXTCONF_H
3: #define HAVE_RB_IO_WAIT 1
4: #define HAVE_SYS_IOCTL_H 1
5: #define FIONREAD_HEADER <sys/ioctl.h>
6: #endif
/* end */

