This file contains any messages produced by compilers while
running configure, to aid debugging if configure makes a mistake.

It was created by libffi configure 3.2.1, which was
generated by GNU Autoconf 2.69.  Invocation command line was

  $ ../../.././ext/fiddle/libffi-3.2.1/configure --srcdir=../../.././ext/fiddle/libffi-3.2.1 --host=aarch64-unknown-linux-gnu --enable-shared CC=gcc CFLAGS=-O3 -fno-fast-math -ggdb3  CXX=g++ CXXFLAGS= LD=ld LDFLAGS=-L. -fstack-protector-strong -rdynamic -Wl,-export-dynamic  -L../../.. 

## --------- ##
## Platform. ##
## --------- ##

hostname = localhost
uname -m = aarch64
uname -r = 4.9.190+
uname -s = Linux
uname -v = #1 SMP PREEMPT Thu Apr 7 15:51:33 CST 2022

/usr/bin/uname -p = aarch64
/bin/uname -X     = unknown

/bin/arch              = aarch64
/usr/bin/arch -k       = unknown
/usr/convex/getsysinfo = unknown
/usr/bin/hostinfo      = unknown
/bin/machine           = unknown
/usr/bin/oslevel       = unknown
/bin/universe          = unknown

PATH: /usr/local/sbin
PATH: /usr/local/bin
PATH: /usr/sbin
PATH: /usr/bin
PATH: /sbin
PATH: /bin
PATH: /usr/games
PATH: /usr/local/games


## ----------- ##
## Core tests. ##
## ----------- ##

configure:2753: checking build system type
configure:2767: result: aarch64-unknown-linux-gnu
configure:2787: checking host system type
configure:2800: result: aarch64-unknown-linux-gnu
configure:2820: checking target system type
configure:2833: result: aarch64-unknown-linux-gnu
configure:2930: checking for gsed
configure:2961: result: sed
configure:2989: checking for a BSD-compatible install
configure:3057: result: /usr/bin/install -c
configure:3068: checking whether build environment is sane
configure:3123: result: yes
configure:3177: checking for aarch64-unknown-linux-gnu-strip
configure:3207: result: no
configure:3217: checking for strip
configure:3233: found /usr/bin/strip
configure:3244: result: strip
configure:3269: checking for a thread-safe mkdir -p
configure:3308: result: /usr/bin/mkdir -p
configure:3315: checking for gawk
configure:3345: result: no
configure:3315: checking for mawk
configure:3331: found /usr/bin/mawk
configure:3342: result: mawk
configure:3353: checking whether make sets $(MAKE)
configure:3375: result: yes
configure:3404: checking whether make supports nested variables
configure:3421: result: yes
configure:3524: checking for aarch64-unknown-linux-gnu-gcc
configure:3551: result: gcc
configure:3820: checking for C compiler version
configure:3829: gcc --version >&5
gcc (Ubuntu 9.3.0-10ubuntu2) 9.3.0
Copyright (C) 2019 Free Software Foundation, Inc.
This is free software; see the source for copying conditions.  There is NO
warranty; not even for MERCHANTABILITY or FITNESS FOR A PARTICULAR PURPOSE.

configure:3840: $? = 0
configure:3829: gcc -v >&5
Using built-in specs.
COLLECT_GCC=gcc
COLLECT_LTO_WRAPPER=/usr/lib/gcc/aarch64-linux-gnu/9/lto-wrapper
Target: aarch64-linux-gnu
Configured with: ../src/configure -v --with-pkgversion='Ubuntu 9.3.0-10ubuntu2' --with-bugurl=file:///usr/share/doc/gcc-9/README.Bugs --enable-languages=c,ada,c++,go,d,fortran,objc,obj-c++,gm2 --prefix=/usr --with-gcc-major-version-only --program-suffix=-9 --program-prefix=aarch64-linux-gnu- --enable-shared --enable-linker-build-id --libexecdir=/usr/lib --without-included-gettext --enable-threads=posix --libdir=/usr/lib --enable-nls --enable-clocale=gnu --enable-libstdcxx-debug --enable-libstdcxx-time=yes --with-default-libstdcxx-abi=new --enable-gnu-unique-object --disable-libquadmath --disable-libquadmath-support --enable-plugin --enable-default-pie --with-system-zlib --with-target-system-zlib=auto --enable-multiarch --enable-fix-cortex-a53-843419 --disable-werror --enable-checking=release --build=aarch64-linux-gnu --host=aarch64-linux-gnu --target=aarch64-linux-gnu
Thread model: posix
gcc version 9.3.0 (Ubuntu 9.3.0-10ubuntu2) 
configure:3840: $? = 0
configure:3829: gcc -V >&5
gcc: error: unrecognized command line option '-V'
gcc: fatal error: no input files
compilation terminated.
configure:3840: $? = 1
configure:3829: gcc -qversion >&5
gcc: error: unrecognized command line option '-qversion'; did you mean '--version'?
gcc: fatal error: no input files
compilation terminated.
configure:3840: $? = 1
configure:3860: checking whether the C compiler works
configure:3882: gcc -O3 -fno-fast-math -ggdb3   -L. -fstack-protector-strong -rdynamic -Wl,-export-dynamic  -L../../..  conftest.c  >&5
configure:3886: $? = 0
configure:3934: result: yes
configure:3937: checking for C compiler default output file name
configure:3939: result: a.out
configure:3945: checking for suffix of executables
configure:3952: gcc -o conftest -O3 -fno-fast-math -ggdb3   -L. -fstack-protector-strong -rdynamic -Wl,-export-dynamic  -L../../..  conftest.c  >&5
configure:3956: $? = 0
configure:3978: result: 
configure:4000: checking whether we are cross compiling
configure:4008: gcc -o conftest -O3 -fno-fast-math -ggdb3   -L. -fstack-protector-strong -rdynamic -Wl,-export-dynamic  -L../../..  conftest.c  >&5
configure:4012: $? = 0
configure:4019: ./conftest
configure:4023: $? = 0
configure:4011: result: no
configure:4016: checking for suffix of object files
configure:4038: gcc -c -O3 -fno-fast-math -ggdb3   conftest.c >&5
configure:4042: $? = 0
configure:4063: result: o
configure:4067: checking whether we are using the GNU C compiler
configure:4086: gcc -c -O3 -fno-fast-math -ggdb3   conftest.c >&5
configure:4086: $? = 0
configure:4095: result: yes
configure:4104: checking whether gcc accepts -g
configure:4124: gcc -c -g  conftest.c >&5
configure:4124: $? = 0
configure:4165: result: yes
configure:4182: checking for gcc option to accept ISO C89
configure:4245: gcc  -c -O3 -fno-fast-math -ggdb3   conftest.c >&5
configure:4245: $? = 0
configure:4258: result: none needed
configure:4289: checking for style of include used by make
configure:4317: result: GNU
configure:4343: checking dependency style of gcc
configure:4454: result: gcc3
configure:4581: checking for C++ compiler version
configure:4590: g++ --version >&5
g++ (Ubuntu 9.3.0-10ubuntu2) 9.3.0
Copyright (C) 2019 Free Software Foundation, Inc.
This is free software; see the source for copying conditions.  There is NO
warranty; not even for MERCHANTABILITY or FITNESS FOR A PARTICULAR PURPOSE.

configure:4601: $? = 0
configure:4590: g++ -v >&5
Using built-in specs.
COLLECT_GCC=g++
COLLECT_LTO_WRAPPER=/usr/lib/gcc/aarch64-linux-gnu/9/lto-wrapper
Target: aarch64-linux-gnu
Configured with: ../src/configure -v --with-pkgversion='Ubuntu 9.3.0-10ubuntu2' --with-bugurl=file:///usr/share/doc/gcc-9/README.Bugs --enable-languages=c,ada,c++,go,d,fortran,objc,obj-c++,gm2 --prefix=/usr --with-gcc-major-version-only --program-suffix=-9 --program-prefix=aarch64-linux-gnu- --enable-shared --enable-linker-build-id --libexecdir=/usr/lib --without-included-gettext --enable-threads=posix --libdir=/usr/lib --enable-nls --enable-clocale=gnu --enable-libstdcxx-debug --enable-libstdcxx-time=yes --with-default-libstdcxx-abi=new --enable-gnu-unique-object --disable-libquadmath --disable-libquadmath-support --enable-plugin --enable-default-pie --with-system-zlib --with-target-system-zlib=auto --enable-multiarch --enable-fix-cortex-a53-843419 --disable-werror --enable-checking=release --build=aarch64-linux-gnu --host=aarch64-linux-gnu --target=aarch64-linux-gnu
Thread model: posix
gcc version 9.3.0 (Ubuntu 9.3.0-10ubuntu2) 
configure:4601: $? = 0
configure:4590: g++ -V >&5
g++: error: unrecognized command line option '-V'
g++: fatal error: no input files
compilation terminated.
configure:4601: $? = 1
configure:4590: g++ -qversion >&5
g++: error: unrecognized command line option '-qversion'; did you mean '--version'?
g++: fatal error: no input files
compilation terminated.
configure:4601: $? = 1
configure:4605: checking whether we are using the GNU C++ compiler
configure:4624: g++ -c   conftest.cpp >&5
configure:4624: $? = 0
configure:4633: result: yes
configure:4642: checking whether g++ accepts -g
configure:4662: g++ -c -g  conftest.cpp >&5
configure:4662: $? = 0
configure:4703: result: yes
configure:4728: checking dependency style of g++
configure:4839: result: gcc3
configure:4869: checking dependency style of gcc
configure:4978: result: gcc3
configure:4994: checking whether gcc and cc understand -c and -o together
configure:5025: gcc -c conftest.c -o conftest2.o >&5
configure:5029: $? = 0
configure:5035: gcc -c conftest.c -o conftest2.o >&5
configure:5039: $? = 0
configure:5050: cc -c conftest.c >&5
configure:5054: $? = 0
configure:5062: cc -c conftest.c -o conftest2.o >&5
configure:5066: $? = 0
configure:5072: cc -c conftest.c -o conftest2.o >&5
configure:5076: $? = 0
configure:5094: result: yes
configure:5165: checking how to print strings
configure:5192: result: printf
configure:5213: checking for a sed that does not truncate output
configure:5277: result: /usr/bin/sed
configure:5295: checking for grep that handles long lines and -e
configure:5353: result: /usr/bin/grep
configure:5358: checking for egrep
configure:5420: result: /usr/bin/grep -E
configure:5425: checking for fgrep
configure:5487: result: /usr/bin/grep -F
configure:5522: checking for ld used by gcc
configure:5589: result: ld
configure:5596: checking if the linker (ld) is GNU ld
configure:5611: result: yes
configure:5623: checking for BSD- or MS-compatible name lister (nm)
configure:5672: result: /usr/bin/nm -B
configure:5802: checking the name lister (/usr/bin/nm -B) interface
configure:5809: gcc -c -O3 -fno-fast-math -ggdb3   conftest.c >&5
configure:5812: /usr/bin/nm -B "conftest.o"
configure:5815: output
0000000000000000 B some_variable
0000000000000000 n wm4.0.2f3121b70f4c13f6e3e1c2c9cfb488ea
0000000000000000 n wm4.stdcpredef.h.19.8dc41bed5d9037ff9622e015fb5f0ce3
configure:5816: result: BSD nm
configure:5819: checking whether ln -s works
configure:5823: result: yes
configure:5831: checking the maximum length of command line arguments
configure:5961: result: 1572864
configure:5978: checking whether the shell understands some XSI constructs
configure:5987: result: yes
configure:5991: checking whether the shell understands "+="
configure:5995: result: yes
configure:6030: checking how to convert aarch64-unknown-linux-gnu file names to aarch64-unknown-linux-gnu format
configure:6070: result: func_convert_file_noop
configure:6077: checking how to convert aarch64-unknown-linux-gnu file names to toolchain format
configure:6097: result: func_convert_file_noop
configure:6104: checking for ld option to reload object files
configure:6111: result: -r
configure:6145: checking for aarch64-unknown-linux-gnu-objdump
configure:6175: result: no
configure:6185: checking for objdump
configure:6201: found /usr/bin/objdump
configure:6212: result: objdump
configure:6244: checking how to recognize dependent libraries
configure:6446: result: pass_all
configure:6491: checking for aarch64-unknown-linux-gnu-dlltool
configure:6521: result: no
configure:6531: checking for dlltool
configure:6561: result: no
configure:6591: checking how to associate runtime and link libraries
configure:6618: result: printf %s\n
configure:6635: checking for aarch64-unknown-linux-gnu-ar
configure:6665: result: no
configure:6679: checking for ar
configure:6695: found /usr/bin/ar
configure:6706: result: ar
configure:6743: checking for archiver @FILE support
configure:6760: gcc -c -O3 -fno-fast-math -ggdb3   conftest.c >&5
configure:6760: $? = 0
configure:6763: ar cru libconftest.a @conftest.lst >&5
ar: `u' modifier ignored since `D' is the default (see `U')
configure:6766: $? = 0
configure:6771: ar cru libconftest.a @conftest.lst >&5
ar: `u' modifier ignored since `D' is the default (see `U')
ar: conftest.o: No such file or directory
configure:6774: $? = 1
configure:6773: result: @
configure:6791: checking for aarch64-unknown-linux-gnu-strip
configure:6818: result: strip
configure:6890: checking for aarch64-unknown-linux-gnu-ranlib
configure:6920: result: no
configure:6930: checking for ranlib
configure:6946: found /usr/bin/ranlib
configure:6957: result: ranlib
configure:7059: checking command to parse /usr/bin/nm -B output from gcc object
configure:7179: gcc -c -O3 -fno-fast-math -ggdb3   conftest.c >&5
configure:7182: $? = 0
configure:7186: /usr/bin/nm -B conftest.o \| sed -n -e 's/^.*[ ]\([ABCDGIRSTW][ABCDGIRSTW]*\)[ ][ ]*\([_A-Za-z][_A-Za-z0-9]*\)$/\1 \2 \2/p' | sed '/ __gnu_lto/d' \> conftest.nm
configure:7189: $? = 0
configure:7255: gcc -o conftest -O3 -fno-fast-math -ggdb3   -L. -fstack-protector-strong -rdynamic -Wl,-export-dynamic  -L../../..  conftest.c conftstm.o >&5
configure:7258: $? = 0
configure:7296: result: ok
configure:7333: checking for sysroot
configure:7363: result: no
configure:7579: checking for aarch64-unknown-linux-gnu-mt
configure:7609: result: no
configure:7619: checking for mt
configure:7635: found /usr/bin/mt
configure:7646: result: mt
configure:7669: checking if mt is a manifest tool
configure:7675: mt '-?'
configure:7683: result: no
configure:8325: checking how to run the C preprocessor
configure:8356: gcc -E  conftest.c
configure:8356: $? = 0
configure:8370: gcc -E  conftest.c
conftest.c:11:10: fatal error: ac_nonexistent.h: No such file or directory
   11 | #include <ac_nonexistent.h>
      |          ^~~~~~~~~~~~~~~~~~
compilation terminated.
configure:8370: $? = 1
configure: failed program was:
| /* confdefs.h */
| #define PACKAGE_NAME "libffi"
| #define PACKAGE_TARNAME "libffi"
| #define PACKAGE_VERSION "3.2.1"
| #define PACKAGE_STRING "libffi 3.2.1"
| #define PACKAGE_BUGREPORT "http://github.com/atgreen/libffi/issues"
| #define PACKAGE_URL ""
| #define PACKAGE "libffi"
| #define VERSION "3.2.1"
| /* end confdefs.h.  */
| #include <ac_nonexistent.h>
configure:8395: result: gcc -E
configure:8415: gcc -E  conftest.c
configure:8415: $? = 0
configure:8429: gcc -E  conftest.c
conftest.c:11:10: fatal error: ac_nonexistent.h: No such file or directory
   11 | #include <ac_nonexistent.h>
      |          ^~~~~~~~~~~~~~~~~~
compilation terminated.
configure:8429: $? = 1
configure: failed program was:
| /* confdefs.h */
| #define PACKAGE_NAME "libffi"
| #define PACKAGE_TARNAME "libffi"
| #define PACKAGE_VERSION "3.2.1"
| #define PACKAGE_STRING "libffi 3.2.1"
| #define PACKAGE_BUGREPORT "http://github.com/atgreen/libffi/issues"
| #define PACKAGE_URL ""
| #define PACKAGE "libffi"
| #define VERSION "3.2.1"
| /* end confdefs.h.  */
| #include <ac_nonexistent.h>
configure:8458: checking for ANSI C header files
configure:8478: gcc -c -O3 -fno-fast-math -ggdb3   conftest.c >&5
configure:8478: $? = 0
configure:8551: gcc -o conftest -O3 -fno-fast-math -ggdb3   -L. -fstack-protector-strong -rdynamic -Wl,-export-dynamic  -L../../..  conftest.c  >&5
configure:8551: $? = 0
configure:8551: ./conftest
configure:8551: $? = 0
configure:8562: result: yes
configure:8575: checking for sys/types.h
configure:8575: gcc -c -O3 -fno-fast-math -ggdb3   conftest.c >&5
configure:8575: $? = 0
configure:8575: result: yes
configure:8575: checking for sys/stat.h
configure:8575: gcc -c -O3 -fno-fast-math -ggdb3   conftest.c >&5
configure:8575: $? = 0
configure:8575: result: yes
configure:8575: checking for stdlib.h
configure:8575: gcc -c -O3 -fno-fast-math -ggdb3   conftest.c >&5
configure:8575: $? = 0
configure:8575: result: yes
configure:8575: checking for string.h
configure:8575: gcc -c -O3 -fno-fast-math -ggdb3   conftest.c >&5
configure:8575: $? = 0
configure:8575: result: yes
configure:8575: checking for memory.h
configure:8575: gcc -c -O3 -fno-fast-math -ggdb3   conftest.c >&5
configure:8575: $? = 0
configure:8575: result: yes
configure:8575: checking for strings.h
configure:8575: gcc -c -O3 -fno-fast-math -ggdb3   conftest.c >&5
configure:8575: $? = 0
configure:8575: result: yes
configure:8575: checking for inttypes.h
configure:8575: gcc -c -O3 -fno-fast-math -ggdb3   conftest.c >&5
configure:8575: $? = 0
configure:8575: result: yes
configure:8575: checking for stdint.h
configure:8575: gcc -c -O3 -fno-fast-math -ggdb3   conftest.c >&5
configure:8575: $? = 0
configure:8575: result: yes
configure:8575: checking for unistd.h
configure:8575: gcc -c -O3 -fno-fast-math -ggdb3   conftest.c >&5
configure:8575: $? = 0
configure:8575: result: yes
configure:8589: checking for dlfcn.h
configure:8589: gcc -c -O3 -fno-fast-math -ggdb3   conftest.c >&5
configure:8589: $? = 0
configure:8589: result: yes
configure:8806: checking for objdir
configure:8821: result: .libs
configure:9092: checking if gcc supports -fno-rtti -fno-exceptions
configure:9110: gcc -c -O3 -fno-fast-math -ggdb3   -fno-rtti -fno-exceptions conftest.c >&5
cc1: warning: command line option '-fno-rtti' is valid for C++/D/ObjC++ but not for C
configure:9114: $? = 0
configure:9127: result: no
configure:9454: checking for gcc option to produce PIC
configure:9461: result: -fPIC -DPIC
configure:9469: checking if gcc PIC flag -fPIC -DPIC works
configure:9487: gcc -c -O3 -fno-fast-math -ggdb3   -fPIC -DPIC -DPIC conftest.c >&5
configure:9491: $? = 0
configure:9504: result: yes
configure:9533: checking if gcc static flag -static works
configure:9561: result: yes
configure:9576: checking if gcc supports -c -o file.o
configure:9597: gcc -c -O3 -fno-fast-math -ggdb3   -o out/conftest2.o conftest.c >&5
configure:9601: $? = 0
configure:9623: result: yes
configure:9631: checking if gcc supports -c -o file.o
configure:9678: result: yes
configure:9711: checking whether the gcc linker (ld) supports shared libraries
configure:10864: result: yes
configure:10901: checking whether -lc should be explicitly linked in
configure:10909: gcc -c -O3 -fno-fast-math -ggdb3   conftest.c >&5
configure:10912: $? = 0
configure:10927: gcc -shared  -fPIC -DPIC conftest.o  -v -Wl,-soname -Wl,conftest -o conftest 2\>\&1 \| /usr/bin/grep  -lc  \>/dev/null 2\>\&1
configure:10930: $? = 0
configure:10944: result: no
configure:11104: checking dynamic linker characteristics
configure:11615: gcc -o conftest -O3 -fno-fast-math -ggdb3   -L. -fstack-protector-strong -rdynamic -Wl,-export-dynamic  -L../../..  -Wl,-rpath -Wl,/foo conftest.c  >&5
configure:11615: $? = 0
configure:11841: result: GNU/Linux ld.so
configure:11948: checking how to hardcode library paths into programs
configure:11973: result: immediate
configure:12513: checking whether stripping libraries is possible
configure:12518: result: yes
configure:12553: checking if libtool supports shared libraries
configure:12555: result: yes
configure:12558: checking whether to build shared libraries
configure:12579: result: yes
configure:12582: checking whether to build static libraries
configure:12586: result: yes
configure:9615: checking how to run the C++ preprocessor
configure:9642: g++ -E  conftest.cpp
configure:9642: $? = 0
configure:9656: g++ -E  conftest.cpp
conftest.cpp:23:10: fatal error: ac_nonexistent.h: No such file or directory
   23 | #include <ac_nonexistent.h>
      |          ^~~~~~~~~~~~~~~~~~
compilation terminated.
configure:9656: $? = 1
configure: failed program was:
| /* confdefs.h */
| #define PACKAGE_NAME "libffi"
| #define PACKAGE_TARNAME "libffi"
| #define PACKAGE_VERSION "3.2.1"
| #define PACKAGE_STRING "libffi 3.2.1"
| #define PACKAGE_BUGREPORT "http://github.com/atgreen/libffi/issues"
| #define PACKAGE_URL ""
| #define PACKAGE "libffi"
| #define VERSION "3.2.1"
| #define STDC_HEADERS 1
| #define HAVE_SYS_TYPES_H 1
| #define HAVE_SYS_STAT_H 1
| #define HAVE_STDLIB_H 1
| #define HAVE_STRING_H 1
| #define HAVE_MEMORY_H 1
| #define HAVE_STRINGS_H 1
| #define HAVE_INTTYPES_H 1
| #define HAVE_STDINT_H 1
| #define HAVE_UNISTD_H 1
| #define HAVE_DLFCN_H 1
| #define LT_OBJDIR ".libs/"
| /* end confdefs.h.  */
| #include <ac_nonexistent.h>
configure:9681: result: g++ -E
configure:9701: g++ -E  conftest.cpp
configure:9701: $? = 0
configure:9715: g++ -E  conftest.cpp
conftest.cpp:23:10: fatal error: ac_nonexistent.h: No such file or directory
   23 | #include <ac_nonexistent.h>
      |          ^~~~~~~~~~~~~~~~~~
compilation terminated.
configure:9715: $? = 1
configure: failed program was:
| /* confdefs.h */
| #define PACKAGE_NAME "libffi"
| #define PACKAGE_TARNAME "libffi"
| #define PACKAGE_VERSION "3.2.1"
| #define PACKAGE_STRING "libffi 3.2.1"
| #define PACKAGE_BUGREPORT "http://github.com/atgreen/libffi/issues"
| #define PACKAGE_URL ""
| #define PACKAGE "libffi"
| #define VERSION "3.2.1"
| #define STDC_HEADERS 1
| #define HAVE_SYS_TYPES_H 1
| #define HAVE_SYS_STAT_H 1
| #define HAVE_STDLIB_H 1
| #define HAVE_STRING_H 1
| #define HAVE_MEMORY_H 1
| #define HAVE_STRINGS_H 1
| #define HAVE_INTTYPES_H 1
| #define HAVE_STDINT_H 1
| #define HAVE_UNISTD_H 1
| #define HAVE_DLFCN_H 1
| #define LT_OBJDIR ".libs/"
| /* end confdefs.h.  */
| #include <ac_nonexistent.h>
configure:9884: checking for ld used by g++
configure:9951: result: ld
configure:9958: checking if the linker (ld) is GNU ld
configure:9973: result: yes
configure:10028: checking whether the g++ linker (ld) supports shared libraries
configure:11033: result: yes
configure:11069: g++ -c   conftest.cpp >&5
configure:11072: $? = 0
configure:11592: checking for g++ option to produce PIC
configure:11599: result: -fPIC -DPIC
configure:11607: checking if g++ PIC flag -fPIC -DPIC works
configure:11625: g++ -c   -fPIC -DPIC -DPIC conftest.cpp >&5
configure:11629: $? = 0
configure:11642: result: yes
configure:11665: checking if g++ static flag -static works
configure:11693: result: yes
configure:11705: checking if g++ supports -c -o file.o
configure:11726: g++ -c   -o out/conftest2.o conftest.cpp >&5
configure:11730: $? = 0
configure:11752: result: yes
configure:11757: checking if g++ supports -c -o file.o
configure:11804: result: yes
configure:11834: checking whether the g++ linker (ld) supports shared libraries
configure:11870: result: yes
configure:12011: checking dynamic linker characteristics
configure:12682: result: GNU/Linux ld.so
configure:12735: checking how to hardcode library paths into programs
configure:12760: result: immediate
configure:11764: checking size of size_t
configure:11769: gcc -o conftest -O3 -fno-fast-math -ggdb3   -L. -fstack-protector-strong -rdynamic -Wl,-export-dynamic  -L../../..  conftest.c  >&5
configure:11769: $? = 0
configure:11769: ./conftest
configure:11769: $? = 0
configure:11783: result: 8
configure:11794: checking for C compiler vendor
configure:11839: gcc -c -O3 -fno-fast-math -ggdb3   conftest.c >&5
conftest.c: In function 'main':
conftest.c:30:9: error: 'thisisanerror' undeclared (first use in this function)
   30 |         thisisanerror;
      |         ^~~~~~~~~~~~~
conftest.c:30:9: note: each undeclared identifier is reported only once for each function it appears in
configure:11839: $? = 1
configure: failed program was:
| /* confdefs.h */
| #define PACKAGE_NAME "libffi"
| #define PACKAGE_TARNAME "libffi"
| #define PACKAGE_VERSION "3.2.1"
| #define PACKAGE_STRING "libffi 3.2.1"
| #define PACKAGE_BUGREPORT "http://github.com/atgreen/libffi/issues"
| #define PACKAGE_URL ""
| #define PACKAGE "libffi"
| #define VERSION "3.2.1"
| #define STDC_HEADERS 1
| #define HAVE_SYS_TYPES_H 1
| #define HAVE_SYS_STAT_H 1
| #define HAVE_STDLIB_H 1
| #define HAVE_STRING_H 1
| #define HAVE_MEMORY_H 1
| #define HAVE_STRINGS_H 1
| #define HAVE_INTTYPES_H 1
| #define HAVE_STDINT_H 1
| #define HAVE_UNISTD_H 1
| #define HAVE_DLFCN_H 1
| #define LT_OBJDIR ".libs/"
| #define SIZEOF_SIZE_T 8
| /* end confdefs.h.  */
| 
| int
| main ()
| {
| 
|       #if !(defined(__ICC) || defined(__ECC) || defined(__INTEL_COMPILER))
|         thisisanerror;
|       #endif
| 
|   ;
|   return 0;
| }
configure:11839: gcc -c -O3 -fno-fast-math -ggdb3   conftest.c >&5
conftest.c: In function 'main':
conftest.c:30:9: error: 'thisisanerror' undeclared (first use in this function)
   30 |         thisisanerror;
      |         ^~~~~~~~~~~~~
conftest.c:30:9: note: each undeclared identifier is reported only once for each function it appears in
configure:11839: $? = 1
configure: failed program was:
| /* confdefs.h */
| #define PACKAGE_NAME "libffi"
| #define PACKAGE_TARNAME "libffi"
| #define PACKAGE_VERSION "3.2.1"
| #define PACKAGE_STRING "libffi 3.2.1"
| #define PACKAGE_BUGREPORT "http://github.com/atgreen/libffi/issues"
| #define PACKAGE_URL ""
| #define PACKAGE "libffi"
| #define VERSION "3.2.1"
| #define STDC_HEADERS 1
| #define HAVE_SYS_TYPES_H 1
| #define HAVE_SYS_STAT_H 1
| #define HAVE_STDLIB_H 1
| #define HAVE_STRING_H 1
| #define HAVE_MEMORY_H 1
| #define HAVE_STRINGS_H 1
| #define HAVE_INTTYPES_H 1
| #define HAVE_STDINT_H 1
| #define HAVE_UNISTD_H 1
| #define HAVE_DLFCN_H 1
| #define LT_OBJDIR ".libs/"
| #define SIZEOF_SIZE_T 8
| /* end confdefs.h.  */
| 
| int
| main ()
| {
| 
|       #if !(defined(__xlc__) || defined(__xlC__) || defined(__IBMC__) || defined(__IBMCPP__))
|         thisisanerror;
|       #endif
| 
|   ;
|   return 0;
| }
configure:11839: gcc -c -O3 -fno-fast-math -ggdb3   conftest.c >&5
conftest.c: In function 'main':
conftest.c:30:9: error: 'thisisanerror' undeclared (first use in this function)
   30 |         thisisanerror;
      |         ^~~~~~~~~~~~~
conftest.c:30:9: note: each undeclared identifier is reported only once for each function it appears in
configure:11839: $? = 1
configure: failed program was:
| /* confdefs.h */
| #define PACKAGE_NAME "libffi"
| #define PACKAGE_TARNAME "libffi"
| #define PACKAGE_VERSION "3.2.1"
| #define PACKAGE_STRING "libffi 3.2.1"
| #define PACKAGE_BUGREPORT "http://github.com/atgreen/libffi/issues"
| #define PACKAGE_URL ""
| #define PACKAGE "libffi"
| #define VERSION "3.2.1"
| #define STDC_HEADERS 1
| #define HAVE_SYS_TYPES_H 1
| #define HAVE_SYS_STAT_H 1
| #define HAVE_STDLIB_H 1
| #define HAVE_STRING_H 1
| #define HAVE_MEMORY_H 1
| #define HAVE_STRINGS_H 1
| #define HAVE_INTTYPES_H 1
| #define HAVE_STDINT_H 1
| #define HAVE_UNISTD_H 1
| #define HAVE_DLFCN_H 1
| #define LT_OBJDIR ".libs/"
| #define SIZEOF_SIZE_T 8
| /* end confdefs.h.  */
| 
| int
| main ()
| {
| 
|       #if !(defined(__PATHCC__) || defined(__PATHSCALE__))
|         thisisanerror;
|       #endif
| 
|   ;
|   return 0;
| }
configure:11839: gcc -c -O3 -fno-fast-math -ggdb3   conftest.c >&5
conftest.c: In function 'main':
conftest.c:30:9: error: 'thisisanerror' undeclared (first use in this function)
   30 |         thisisanerror;
      |         ^~~~~~~~~~~~~
conftest.c:30:9: note: each undeclared identifier is reported only once for each function it appears in
configure:11839: $? = 1
configure: failed program was:
| /* confdefs.h */
| #define PACKAGE_NAME "libffi"
| #define PACKAGE_TARNAME "libffi"
| #define PACKAGE_VERSION "3.2.1"
| #define PACKAGE_STRING "libffi 3.2.1"
| #define PACKAGE_BUGREPORT "http://github.com/atgreen/libffi/issues"
| #define PACKAGE_URL ""
| #define PACKAGE "libffi"
| #define VERSION "3.2.1"
| #define STDC_HEADERS 1
| #define HAVE_SYS_TYPES_H 1
| #define HAVE_SYS_STAT_H 1
| #define HAVE_STDLIB_H 1
| #define HAVE_STRING_H 1
| #define HAVE_MEMORY_H 1
| #define HAVE_STRINGS_H 1
| #define HAVE_INTTYPES_H 1
| #define HAVE_STDINT_H 1
| #define HAVE_UNISTD_H 1
| #define HAVE_DLFCN_H 1
| #define LT_OBJDIR ".libs/"
| #define SIZEOF_SIZE_T 8
| /* end confdefs.h.  */
| 
| int
| main ()
| {
| 
|       #if !(defined(__clang__))
|         thisisanerror;
|       #endif
| 
|   ;
|   return 0;
| }
configure:11839: gcc -c -O3 -fno-fast-math -ggdb3   conftest.c >&5
configure:11839: $? = 0
configure:11847: result: gnu
configure:12673: : CFLAGS already contains 
configure:12676: $? = 0
configure:12698: checking CFLAGS for maximum warnings
configure:12718: gcc -c -O3 -fno-fast-math -ggdb3  -warn all  -warn all  conftest.c >&5
gcc: error: all: No such file or directory
gcc: error: all: No such file or directory
gcc: error: unrecognized command line option '-warn'; did you mean '--warn-'?
gcc: error: unrecognized command line option '-warn'; did you mean '--warn-'?
configure:12718: $? = 1
configure: failed program was:
| /* confdefs.h */
| #define PACKAGE_NAME "libffi"
| #define PACKAGE_TARNAME "libffi"
| #define PACKAGE_VERSION "3.2.1"
| #define PACKAGE_STRING "libffi 3.2.1"
| #define PACKAGE_BUGREPORT "http://github.com/atgreen/libffi/issues"
| #define PACKAGE_URL ""
| #define PACKAGE "libffi"
| #define VERSION "3.2.1"
| #define STDC_HEADERS 1
| #define HAVE_SYS_TYPES_H 1
| #define HAVE_SYS_STAT_H 1
| #define HAVE_STDLIB_H 1
| #define HAVE_STRING_H 1
| #define HAVE_MEMORY_H 1
| #define HAVE_STRINGS_H 1
| #define HAVE_INTTYPES_H 1
| #define HAVE_STDINT_H 1
| #define HAVE_UNISTD_H 1
| #define HAVE_DLFCN_H 1
| #define LT_OBJDIR ".libs/"
| #define SIZEOF_SIZE_T 8
| /* end confdefs.h.  */
| 
| int
| main ()
| {
| 
|   ;
|   return 0;
| }
configure:12718: gcc -c -O3 -fno-fast-math -ggdb3  -pedantic  -Wall  conftest.c >&5
configure:12718: $? = 0
configure:12726: result: -Wall
configure:12742: : CFLAGS="$CFLAGS $ac_cv_cflags_warn_all"
configure:12745: $? = 0
configure:12775: checking whether to enable maintainer-specific portions of Makefiles
configure:12784: result: no
configure:12800: checking sys/mman.h usability
configure:12800: gcc -c -O3 -fno-fast-math -ggdb3  -Wall -fexceptions  conftest.c >&5
configure:12800: $? = 0
configure:12800: result: yes
configure:12800: checking sys/mman.h presence
configure:12800: gcc -E  conftest.c
configure:12800: $? = 0
configure:12800: result: yes
configure:12800: checking for sys/mman.h
configure:12800: result: yes
configure:12813: checking for mmap
configure:12813: gcc -o conftest -O3 -fno-fast-math -ggdb3  -Wall -fexceptions  -L. -fstack-protector-strong -rdynamic -Wl,-export-dynamic  -L../../..  conftest.c  >&5
configure:12813: $? = 0
configure:12813: result: yes
configure:12813: checking for mkostemp
configure:12813: gcc -o conftest -O3 -fno-fast-math -ggdb3  -Wall -fexceptions  -L. -fstack-protector-strong -rdynamic -Wl,-export-dynamic  -L../../..  conftest.c  >&5
configure:12813: $? = 0
configure:12813: result: yes
configure:12823: checking for sys/mman.h
configure:12823: result: yes
configure:12831: checking for mmap
configure:12831: result: yes
configure:12844: checking whether read-only mmap of a plain file works
configure:12861: result: yes
configure:12863: checking whether mmap from /dev/zero works
configure:12885: result: yes
configure:12889: checking for MAP_ANON(YMOUS)
configure:12912: gcc -c -O3 -fno-fast-math -ggdb3  -Wall -fexceptions  conftest.c >&5
conftest.c: In function 'main':
conftest.c:38:5: warning: unused variable 'n' [-Wunused-variable]
   38 | int n = MAP_ANONYMOUS;
      |     ^
configure:12912: $? = 0
configure:12919: result: yes
configure:12925: checking whether mmap with MAP_ANON(YMOUS) works
configure:12942: result: yes
configure:13521: checking for ANSI C header files
configure:13625: result: yes
configure:13635: checking for memcpy
configure:13635: gcc -o conftest -O3 -fno-fast-math -ggdb3  -Wall -fexceptions  -L. -fstack-protector-strong -rdynamic -Wl,-export-dynamic  -L../../..  conftest.c  >&5
conftest.c:54:6: warning: conflicting types for built-in function 'memcpy'; expected 'void *(void *, const void *, long unsigned int)' [-Wbuiltin-declaration-mismatch]
   54 | char memcpy ();
      |      ^~~~~~
conftest.c:42:1: note: 'memcpy' is declared in header '<string.h>'
   41 | # include <limits.h>
   42 | #else
configure:13635: $? = 0
configure:13635: result: yes
configure:13644: checking for size_t
configure:13644: gcc -c -O3 -fno-fast-math -ggdb3  -Wall -fexceptions  conftest.c >&5
configure:13644: $? = 0
configure:13644: gcc -c -O3 -fno-fast-math -ggdb3  -Wall -fexceptions  conftest.c >&5
conftest.c: In function 'main':
conftest.c:68:21: error: expected expression before ')' token
   68 | if (sizeof ((size_t)))
      |                     ^
configure:13644: $? = 1
configure: failed program was:
| /* confdefs.h */
| #define PACKAGE_NAME "libffi"
| #define PACKAGE_TARNAME "libffi"
| #define PACKAGE_VERSION "3.2.1"
| #define PACKAGE_STRING "libffi 3.2.1"
| #define PACKAGE_BUGREPORT "http://github.com/atgreen/libffi/issues"
| #define PACKAGE_URL ""
| #define PACKAGE "libffi"
| #define VERSION "3.2.1"
| #define STDC_HEADERS 1
| #define HAVE_SYS_TYPES_H 1
| #define HAVE_SYS_STAT_H 1
| #define HAVE_STDLIB_H 1
| #define HAVE_STRING_H 1
| #define HAVE_MEMORY_H 1
| #define HAVE_STRINGS_H 1
| #define HAVE_INTTYPES_H 1
| #define HAVE_STDINT_H 1
| #define HAVE_UNISTD_H 1
| #define HAVE_DLFCN_H 1
| #define LT_OBJDIR ".libs/"
| #define SIZEOF_SIZE_T 8
| #define HAVE_SYS_MMAN_H 1
| #define HAVE_MMAP 1
| #define HAVE_MKOSTEMP 1
| #define HAVE_MMAP_FILE 1
| #define HAVE_MMAP_DEV_ZERO 1
| #define HAVE_MMAP_ANON 1
| #define STDC_HEADERS 1
| #define HAVE_MEMCPY 1
| /* end confdefs.h.  */
| #include <stdio.h>
| #ifdef HAVE_SYS_TYPES_H
| # include <sys/types.h>
| #endif
| #ifdef HAVE_SYS_STAT_H
| # include <sys/stat.h>
| #endif
| #ifdef STDC_HEADERS
| # include <stdlib.h>
| # include <stddef.h>
| #else
| # ifdef HAVE_STDLIB_H
| #  include <stdlib.h>
| # endif
| #endif
| #ifdef HAVE_STRING_H
| # if !defined STDC_HEADERS && defined HAVE_MEMORY_H
| #  include <memory.h>
| # endif
| # include <string.h>
| #endif
| #ifdef HAVE_STRINGS_H
| # include <strings.h>
| #endif
| #ifdef HAVE_INTTYPES_H
| # include <inttypes.h>
| #endif
| #ifdef HAVE_STDINT_H
| # include <stdint.h>
| #endif
| #ifdef HAVE_UNISTD_H
| # include <unistd.h>
| #endif
| int
| main ()
| {
| if (sizeof ((size_t)))
| 	    return 0;
|   ;
|   return 0;
| }
configure:13644: result: yes
configure:13657: checking for working alloca.h
configure:13674: gcc -o conftest -O3 -fno-fast-math -ggdb3  -Wall -fexceptions  -L. -fstack-protector-strong -rdynamic -Wl,-export-dynamic  -L../../..  conftest.c  >&5
configure:13674: $? = 0
configure:13682: result: yes
configure:13690: checking for alloca
configure:13727: gcc -o conftest -O3 -fno-fast-math -ggdb3  -Wall -fexceptions  -L. -fstack-protector-strong -rdynamic -Wl,-export-dynamic  -L../../..  conftest.c  >&5
configure:13727: $? = 0
configure:13735: result: yes
configure:13846: checking size of double
configure:13851: gcc -o conftest -O3 -fno-fast-math -ggdb3  -Wall -fexceptions  -L. -fstack-protector-strong -rdynamic -Wl,-export-dynamic  -L../../..  conftest.c  >&5
configure:13851: $? = 0
configure:13851: ./conftest
configure:13851: $? = 0
configure:13865: result: 8
configure:13879: checking size of long double
configure:13884: gcc -o conftest -O3 -fno-fast-math -ggdb3  -Wall -fexceptions  -L. -fstack-protector-strong -rdynamic -Wl,-export-dynamic  -L../../..  conftest.c  >&5
configure:13884: $? = 0
configure:13884: ./conftest
configure:13884: $? = 0
configure:13898: result: 16
configure:13931: checking whether byte ordering is bigendian
configure:13946: gcc -c -O3 -fno-fast-math -ggdb3  -Wall -fexceptions  conftest.c >&5
conftest.c:38:9: error: unknown type name 'not'
   38 |         not a universal capable compiler
      |         ^~~
conftest.c:38:15: error: expected '=', ',', ';', 'asm' or '__attribute__' before 'universal'
   38 |         not a universal capable compiler
      |               ^~~~~~~~~
conftest.c:38:15: error: unknown type name 'universal'
configure:13946: $? = 1
configure: failed program was:
| /* confdefs.h */
| #define PACKAGE_NAME "libffi"
| #define PACKAGE_TARNAME "libffi"
| #define PACKAGE_VERSION "3.2.1"
| #define PACKAGE_STRING "libffi 3.2.1"
| #define PACKAGE_BUGREPORT "http://github.com/atgreen/libffi/issues"
| #define PACKAGE_URL ""
| #define PACKAGE "libffi"
| #define VERSION "3.2.1"
| #define STDC_HEADERS 1
| #define HAVE_SYS_TYPES_H 1
| #define HAVE_SYS_STAT_H 1
| #define HAVE_STDLIB_H 1
| #define HAVE_STRING_H 1
| #define HAVE_MEMORY_H 1
| #define HAVE_STRINGS_H 1
| #define HAVE_INTTYPES_H 1
| #define HAVE_STDINT_H 1
| #define HAVE_UNISTD_H 1
| #define HAVE_DLFCN_H 1
| #define LT_OBJDIR ".libs/"
| #define SIZEOF_SIZE_T 8
| #define HAVE_SYS_MMAN_H 1
| #define HAVE_MMAP 1
| #define HAVE_MKOSTEMP 1
| #define HAVE_MMAP_FILE 1
| #define HAVE_MMAP_DEV_ZERO 1
| #define HAVE_MMAP_ANON 1
| #define STDC_HEADERS 1
| #define HAVE_MEMCPY 1
| #define HAVE_ALLOCA_H 1
| #define HAVE_ALLOCA 1
| #define SIZEOF_DOUBLE 8
| #define SIZEOF_LONG_DOUBLE 16
| #define HAVE_LONG_DOUBLE 1
| /* end confdefs.h.  */
| #ifndef __APPLE_CC__
| 	       not a universal capable compiler
| 	     #endif
| 	     typedef int dummy;
| 
configure:13991: gcc -c -O3 -fno-fast-math -ggdb3  -Wall -fexceptions  conftest.c >&5
configure:13991: $? = 0
configure:14009: gcc -c -O3 -fno-fast-math -ggdb3  -Wall -fexceptions  conftest.c >&5
conftest.c: In function 'main':
conftest.c:44:4: error: unknown type name 'not'; did you mean 'ino_t'?
   44 |    not big endian
      |    ^~~
      |    ino_t
conftest.c:44:12: error: expected '=', ',', ';', 'asm' or '__attribute__' before 'endian'
   44 |    not big endian
      |            ^~~~~~
configure:14009: $? = 1
configure: failed program was:
| /* confdefs.h */
| #define PACKAGE_NAME "libffi"
| #define PACKAGE_TARNAME "libffi"
| #define PACKAGE_VERSION "3.2.1"
| #define PACKAGE_STRING "libffi 3.2.1"
| #define PACKAGE_BUGREPORT "http://github.com/atgreen/libffi/issues"
| #define PACKAGE_URL ""
| #define PACKAGE "libffi"
| #define VERSION "3.2.1"
| #define STDC_HEADERS 1
| #define HAVE_SYS_TYPES_H 1
| #define HAVE_SYS_STAT_H 1
| #define HAVE_STDLIB_H 1
| #define HAVE_STRING_H 1
| #define HAVE_MEMORY_H 1
| #define HAVE_STRINGS_H 1
| #define HAVE_INTTYPES_H 1
| #define HAVE_STDINT_H 1
| #define HAVE_UNISTD_H 1
| #define HAVE_DLFCN_H 1
| #define LT_OBJDIR ".libs/"
| #define SIZEOF_SIZE_T 8
| #define HAVE_SYS_MMAN_H 1
| #define HAVE_MMAP 1
| #define HAVE_MKOSTEMP 1
| #define HAVE_MMAP_FILE 1
| #define HAVE_MMAP_DEV_ZERO 1
| #define HAVE_MMAP_ANON 1
| #define STDC_HEADERS 1
| #define HAVE_MEMCPY 1
| #define HAVE_ALLOCA_H 1
| #define HAVE_ALLOCA 1
| #define SIZEOF_DOUBLE 8
| #define SIZEOF_LONG_DOUBLE 16
| #define HAVE_LONG_DOUBLE 1
| /* end confdefs.h.  */
| #include <sys/types.h>
| 		#include <sys/param.h>
| 
| int
| main ()
| {
| #if BYTE_ORDER != BIG_ENDIAN
| 		 not big endian
| 		#endif
| 
|   ;
|   return 0;
| }
configure:14137: result: no
configure:14156: checking assembler .cfi pseudo-op support
configure:14174: gcc -c -O3 -fno-fast-math -ggdb3  -Wall -fexceptions  conftest.c >&5
configure:14174: $? = 0
configure:14182: result: yes
configure:14371: checking for _ prefix in compiled symbols
configure:14381: gcc -c -O3 -fno-fast-math -ggdb3  -Wall -fexceptions  conftest.c >&5
conftest.c: In function 'main':
conftest.c:2:12: warning: statement with no effect [-Wunused-value]
    2 | int main(){nm_test_func;return 0;}
      |            ^~~~~~~~~~~~
configure:14384: $? = 0
configure:14388: /usr/bin/nm -B conftest.o \| sed -n -e 's/^.*[	 ]\([ABCDGIRSTW][ABCDGIRSTW]*\)[	 ][	 ]*\([_A-Za-z][_A-Za-z0-9]*\)$/\1 \2 \2/p' | sed '/ __gnu_lto/d' \> conftest.nm
configure:14391: $? = 0
configure:14413: result: no
configure:14488: checking whether .eh_frame section should be read-only
configure:14508: result: yes
configure:14523: checking for __attribute__((visibility("hidden")))
configure:14532: gcc -Werror -S conftest.c -o conftest.s 1>&5
configure:14535: $? = 0
configure:14544: result: yes
configure:14750: checking that generated files are newer than configure
configure:14756: result: done
configure:14968: creating ./config.status

## ---------------------- ##
## Running config.status. ##
## ---------------------- ##

This file was extended by libffi config.status 3.2.1, which was
generated by GNU Autoconf 2.69.  Invocation command line was

  CONFIG_FILES    = 
  CONFIG_HEADERS  = 
  CONFIG_LINKS    = 
  CONFIG_COMMANDS = 
  $ ./config.status 

on localhost

config.status:1292: creating include/Makefile
config.status:1292: creating include/ffi.h
config.status:1292: creating Makefile
config.status:1292: creating testsuite/Makefile
config.status:1292: creating man/Makefile
config.status:1292: creating libffi.pc
config.status:1292: creating fficonfig.h
config.status:1533: linking src/aarch64/ffitarget.h to include/ffitarget.h
config.status:1552: executing buildir commands
config.status:1565: skipping top_srcdir/Makefile - not created
config.status:1552: executing depfiles commands
config.status:1552: executing libtool commands
config.status:1552: executing include commands
config.status:1552: executing src commands

## ---------------- ##
## Cache variables. ##
## ---------------- ##

ac_cv_build=aarch64-unknown-linux-gnu
ac_cv_c_bigendian=no
ac_cv_c_compiler_gnu=yes
ac_cv_cflags_warn_all=-Wall
ac_cv_cxx_compiler_gnu=yes
ac_cv_decl_map_anon=yes
ac_cv_env_CCASFLAGS_set=
ac_cv_env_CCASFLAGS_value=
ac_cv_env_CCAS_set=
ac_cv_env_CCAS_value=
ac_cv_env_CPPFLAGS_set=
ac_cv_env_CPPFLAGS_value=
ac_cv_env_CPP_set=
ac_cv_env_CPP_value=
ac_cv_env_CXXCPP_set=
ac_cv_env_CXXCPP_value=
ac_cv_env_build_alias_set=
ac_cv_env_build_alias_value=
ac_cv_env_host_alias_set=set
ac_cv_env_host_alias_value=aarch64-unknown-linux-gnu
ac_cv_env_target_alias_set=
ac_cv_env_target_alias_value=
ac_cv_func_alloca_works=yes
ac_cv_func_memcpy=yes
ac_cv_func_mkostemp=yes
ac_cv_func_mmap=yes
ac_cv_func_mmap_anon=yes
ac_cv_func_mmap_dev_zero=yes
ac_cv_func_mmap_file=yes
ac_cv_header_dlfcn_h=yes
ac_cv_header_inttypes_h=yes
ac_cv_header_memory_h=yes
ac_cv_header_stdc=yes
ac_cv_header_stdint_h=yes
ac_cv_header_stdlib_h=yes
ac_cv_header_string_h=yes
ac_cv_header_strings_h=yes
ac_cv_header_sys_mman_h=yes
ac_cv_header_sys_stat_h=yes
ac_cv_header_sys_types_h=yes
ac_cv_header_unistd_h=yes
ac_cv_host=aarch64-unknown-linux-gnu
ac_cv_objext=o
ac_cv_path_EGREP='/usr/bin/grep -E'
ac_cv_path_FGREP='/usr/bin/grep -F'
ac_cv_path_GREP=/usr/bin/grep
ac_cv_path_SED=/usr/bin/sed
ac_cv_path_ax_enable_builddir_sed=sed
ac_cv_path_install='/usr/bin/install -c'
ac_cv_path_mkdir=/usr/bin/mkdir
ac_cv_prog_AWK=mawk
ac_cv_prog_CC=gcc
ac_cv_prog_CPP='gcc -E'
ac_cv_prog_CXXCPP='g++ -E'
ac_cv_prog_STRIP=strip
ac_cv_prog_ac_ct_AR=ar
ac_cv_prog_ac_ct_MANIFEST_TOOL=mt
ac_cv_prog_ac_ct_OBJDUMP=objdump
ac_cv_prog_ac_ct_RANLIB=ranlib
ac_cv_prog_ac_ct_STRIP=strip
ac_cv_prog_cc_c89=
ac_cv_prog_cc_g=yes
ac_cv_prog_cc_gcc_c_o=yes
ac_cv_prog_cxx_g=yes
ac_cv_prog_make_make_set=yes
ac_cv_sizeof_double=8
ac_cv_sizeof_long_double=16
ac_cv_sizeof_size_t=8
ac_cv_target=aarch64-unknown-linux-gnu
ac_cv_type_size_t=yes
ac_cv_working_alloca_h=yes
am_cv_CCAS_dependencies_compiler_type=gcc3
am_cv_CC_dependencies_compiler_type=gcc3
am_cv_CXX_dependencies_compiler_type=gcc3
am_cv_make_support_nested_variables=yes
ax_cv_c_compiler_vendor=gnu
gcc_cv_as_cfi_pseudo_op=yes
libffi_cv_hidden_visibility_attribute=yes
libffi_cv_ro_eh_frame=yes
lt_cv_ar_at_file=@
lt_cv_archive_cmds_need_lc=no
lt_cv_deplibs_check_method=pass_all
lt_cv_file_magic_cmd='$MAGIC_CMD'
lt_cv_file_magic_test_file=
lt_cv_ld_reload_flag=-r
lt_cv_nm_interface='BSD nm'
lt_cv_objdir=.libs
lt_cv_path_LD=ld
lt_cv_path_LDCXX=ld
lt_cv_path_NM='/usr/bin/nm -B'
lt_cv_path_mainfest_tool=no
lt_cv_prog_compiler_c_o=yes
lt_cv_prog_compiler_c_o_CXX=yes
lt_cv_prog_compiler_pic='-fPIC -DPIC'
lt_cv_prog_compiler_pic_CXX='-fPIC -DPIC'
lt_cv_prog_compiler_pic_works=yes
lt_cv_prog_compiler_pic_works_CXX=yes
lt_cv_prog_compiler_rtti_exceptions=no
lt_cv_prog_compiler_static_works=yes
lt_cv_prog_compiler_static_works_CXX=yes
lt_cv_prog_gnu_ld=yes
lt_cv_prog_gnu_ldcxx=yes
lt_cv_sharedlib_from_linklib_cmd='printf %s\n'
lt_cv_shlibpath_overrides_runpath=yes
lt_cv_sys_global_symbol_pipe='sed -n -e '\''s/^.*[	 ]\([ABCDGIRSTW][ABCDGIRSTW]*\)[	 ][	 ]*\([_A-Za-z][_A-Za-z0-9]*\)$/\1 \2 \2/p'\'' | sed '\''/ __gnu_lto/d'\'''
lt_cv_sys_global_symbol_to_c_name_address='sed -n -e '\''s/^: \([^ ]*\)[ ]*$/  {\"\1\", (void *) 0},/p'\'' -e '\''s/^[ABCDGIRSTW]* \([^ ]*\) \([^ ]*\)$/  {"\2", (void *) \&\2},/p'\'''
lt_cv_sys_global_symbol_to_c_name_address_lib_prefix='sed -n -e '\''s/^: \([^ ]*\)[ ]*$/  {\"\1\", (void *) 0},/p'\'' -e '\''s/^[ABCDGIRSTW]* \([^ ]*\) \(lib[^ ]*\)$/  {"\2", (void *) \&\2},/p'\'' -e '\''s/^[ABCDGIRSTW]* \([^ ]*\) \([^ ]*\)$/  {"lib\2", (void *) \&\2},/p'\'''
lt_cv_sys_global_symbol_to_cdecl='sed -n -e '\''s/^T .* \(.*\)$/extern int \1();/p'\'' -e '\''s/^[ABCDGIRSTW]* .* \(.*\)$/extern char \1;/p'\'''
lt_cv_sys_max_cmd_len=1572864
lt_cv_sys_symbol_underscore=no
lt_cv_to_host_file_cmd=func_convert_file_noop
lt_cv_to_tool_file_cmd=func_convert_file_noop

## ----------------- ##
## Output variables. ##
## ----------------- ##

AARCH64_FALSE='#'
AARCH64_TRUE=''
ACLOCAL='${SHELL} /home/reload/rerub/ruby-3.1.2/ext/fiddle/libffi-3.2.1/missing aclocal-1.13'
ALLOCA=''
ALPHA_FALSE=''
ALPHA_TRUE='#'
AMDEPBACKSLASH='\'
AMDEP_FALSE='#'
AMDEP_TRUE=''
AMTAR='$${TAR-tar}'
AM_BACKSLASH='\'
AM_DEFAULT_V='$(AM_DEFAULT_VERBOSITY)'
AM_DEFAULT_VERBOSITY='1'
AM_LTLDFLAGS=''
AM_RUNTESTFLAGS=''
AM_V='$(V)'
AR='ar'
ARC_FALSE=''
ARC_TRUE='#'
ARM_FALSE=''
ARM_TRUE='#'
AUTOCONF='${SHELL} /home/reload/rerub/ruby-3.1.2/ext/fiddle/libffi-3.2.1/missing autoconf'
AUTOHEADER='${SHELL} /home/reload/rerub/ruby-3.1.2/ext/fiddle/libffi-3.2.1/missing autoheader'
AUTOMAKE='${SHELL} /home/reload/rerub/ruby-3.1.2/ext/fiddle/libffi-3.2.1/missing automake-1.13'
AVR32_FALSE=''
AVR32_TRUE='#'
AWK='mawk'
BFIN_FALSE=''
BFIN_TRUE='#'
CC='gcc'
CCAS='gcc'
CCASDEPMODE='depmode=gcc3'
CCASFLAGS='-O3 -fno-fast-math -ggdb3 '
CCDEPMODE='depmode=gcc3'
CFLAGS='-O3 -fno-fast-math -ggdb3  -Wall -fexceptions'
CPP='gcc -E'
CPPFLAGS=''
CXX='g++'
CXXCPP='g++ -E'
CXXDEPMODE='depmode=gcc3'
CXXFLAGS=''
CYGPATH_W='echo'
DEFS='-DHAVE_CONFIG_H'
DEPDIR='.deps'
DLLTOOL='false'
DSYMUTIL=''
DUMPBIN=''
ECHO_C=''
ECHO_N='-n'
ECHO_T=''
EGREP='/usr/bin/grep -E'
EXEEXT=''
FFI_DEBUG_FALSE=''
FFI_DEBUG_TRUE='#'
FFI_EXEC_TRAMPOLINE_TABLE='0'
FFI_EXEC_TRAMPOLINE_TABLE_FALSE=''
FFI_EXEC_TRAMPOLINE_TABLE_TRUE='#'
FGREP='/usr/bin/grep -F'
FRV_FALSE=''
FRV_TRUE='#'
GREP='/usr/bin/grep'
HAVE_LONG_DOUBLE='1'
HAVE_LONG_DOUBLE_VARIANT='0'
IA64_FALSE=''
IA64_TRUE='#'
INSTALL_DATA='${INSTALL} -m 644'
INSTALL_PROGRAM='${INSTALL}'
INSTALL_SCRIPT='${INSTALL}'
INSTALL_STRIP_PROGRAM='$(install_sh) -c -s'
LD='ld'
LDFLAGS='-L. -fstack-protector-strong -rdynamic -Wl,-export-dynamic  -L../../.. '
LIBFFI_CRIS_FALSE=''
LIBFFI_CRIS_TRUE='#'
LIBOBJS=''
LIBS=''
LIBTOOL='$(SHELL) $(top_builddir)/libtool'
LIPO=''
LN_S='ln -s'
LTLIBOBJS=''
M32R_FALSE=''
M32R_TRUE='#'
M68K_FALSE=''
M68K_TRUE='#'
M88K_FALSE=''
M88K_TRUE='#'
MAINT='#'
MAINTAINER_MODE_FALSE=''
MAINTAINER_MODE_TRUE='#'
MAKEINFO='${SHELL} /home/reload/rerub/ruby-3.1.2/ext/fiddle/libffi-3.2.1/missing makeinfo'
MANIFEST_TOOL=':'
METAG_FALSE=''
METAG_TRUE='#'
MICROBLAZE_FALSE=''
MICROBLAZE_TRUE='#'
MIPS_FALSE=''
MIPS_TRUE='#'
MKDIR_P='/usr/bin/mkdir -p'
MOXIE_FALSE=''
MOXIE_TRUE='#'
NIOS2_FALSE=''
NIOS2_TRUE='#'
NM='/usr/bin/nm -B'
NMEDIT=''
OBJDUMP='objdump'
OBJEXT='o'
OR1K_FALSE=''
OR1K_TRUE='#'
OTOOL64=''
OTOOL=''
PA64_HPUX_FALSE=''
PA64_HPUX_TRUE='#'
PACKAGE='libffi'
PACKAGE_BUGREPORT='http://github.com/atgreen/libffi/issues'
PACKAGE_NAME='libffi'
PACKAGE_STRING='libffi 3.2.1'
PACKAGE_TARNAME='libffi'
PACKAGE_URL=''
PACKAGE_VERSION='3.2.1'
PATH_SEPARATOR=':'
PA_HPUX_FALSE=''
PA_HPUX_TRUE='#'
PA_LINUX_FALSE=''
PA_LINUX_TRUE='#'
POWERPC_AIX_FALSE=''
POWERPC_AIX_TRUE='#'
POWERPC_DARWIN_FALSE=''
POWERPC_DARWIN_TRUE='#'
POWERPC_FALSE=''
POWERPC_FREEBSD_FALSE=''
POWERPC_FREEBSD_TRUE='#'
POWERPC_TRUE='#'
PRTDIAG=''
RANLIB='ranlib'
S390_FALSE=''
S390_TRUE='#'
SED='/usr/bin/sed'
SET_MAKE=''
SH64_FALSE=''
SH64_TRUE='#'
SHELL='/bin/bash'
SH_FALSE=''
SH_TRUE='#'
SPARC_FALSE=''
SPARC_TRUE='#'
STRIP='strip'
TARGET='AARCH64'
TARGETDIR='aarch64'
TESTSUBDIR_FALSE='#'
TESTSUBDIR_TRUE=''
TILE_FALSE=''
TILE_TRUE='#'
VAX_FALSE=''
VAX_TRUE='#'
VERSION='3.2.1'
X86_64_FALSE=''
X86_64_TRUE='#'
X86_DARWIN32_FALSE=''
X86_DARWIN32_TRUE='#'
X86_DARWIN64_FALSE=''
X86_DARWIN64_TRUE='#'
X86_DARWIN_FALSE=''
X86_DARWIN_TRUE='#'
X86_FALSE=''
X86_FREEBSD_FALSE=''
X86_FREEBSD_TRUE='#'
X86_TRUE='#'
X86_WIN32_FALSE=''
X86_WIN32_TRUE='#'
X86_WIN64_FALSE=''
X86_WIN64_TRUE='#'
XTENSA_FALSE=''
XTENSA_TRUE='#'
ac_ct_AR='ar'
ac_ct_CC=''
ac_ct_CXX=''
ac_ct_DUMPBIN=''
am__EXEEXT_FALSE=''
am__EXEEXT_TRUE='#'
am__fastdepCCAS_FALSE='#'
am__fastdepCCAS_TRUE=''
am__fastdepCC_FALSE='#'
am__fastdepCC_TRUE=''
am__fastdepCXX_FALSE='#'
am__fastdepCXX_TRUE=''
am__include='include'
am__isrc=''
am__leading_dot='.'
am__nodep='_no'
am__quote=''
am__tar='$${TAR-tar} chof - "$$tardir"'
am__untar='$${TAR-tar} xf -'
ax_enable_builddir_sed='sed'
bindir='${exec_prefix}/bin'
build='aarch64-unknown-linux-gnu'
build_alias=''
build_cpu='aarch64'
build_os='linux-gnu'
build_vendor='unknown'
datadir='${datarootdir}'
datarootdir='${prefix}/share'
docdir='${datarootdir}/doc/${PACKAGE_TARNAME}'
dvidir='${docdir}'
exec_prefix='${prefix}'
host='aarch64-unknown-linux-gnu'
host_alias='aarch64-unknown-linux-gnu'
host_cpu='aarch64'
host_os='linux-gnu'
host_vendor='unknown'
htmldir='${docdir}'
includedir='${prefix}/include'
infodir='${datarootdir}/info'
install_sh='${SHELL} /home/reload/rerub/ruby-3.1.2/ext/fiddle/libffi-3.2.1/install-sh'
libdir='${exec_prefix}/lib'
libexecdir='${exec_prefix}/libexec'
localedir='${datarootdir}/locale'
localstatedir='${prefix}/var'
mandir='${datarootdir}/man'
mkdir_p='$(MKDIR_P)'
oldincludedir='/usr/include'
pdfdir='${docdir}'
prefix='/usr/local'
program_transform_name='s,x,x,'
psdir='${docdir}'
runstatedir='${localstatedir}/run'
sbindir='${exec_prefix}/sbin'
sharedstatedir='${prefix}/com'
sys_symbol_underscore='no'
sysconfdir='${prefix}/etc'
target='aarch64-unknown-linux-gnu'
target_alias='aarch64-unknown-linux-gnu'
target_cpu='aarch64'
target_os='linux-gnu'
target_vendor='unknown'
toolexecdir='${exec_prefix}/lib/gcc-lib/$(target_alias)'
toolexeclibdir='${exec_prefix}/lib/../lib'

## ----------- ##
## confdefs.h. ##
## ----------- ##

/* confdefs.h */
#define PACKAGE_NAME "libffi"
#define PACKAGE_TARNAME "libffi"
#define PACKAGE_VERSION "3.2.1"
#define PACKAGE_STRING "libffi 3.2.1"
#define PACKAGE_BUGREPORT "http://github.com/atgreen/libffi/issues"
#define PACKAGE_URL ""
#define PACKAGE "libffi"
#define VERSION "3.2.1"
#define STDC_HEADERS 1
#define HAVE_SYS_TYPES_H 1
#define HAVE_SYS_STAT_H 1
#define HAVE_STDLIB_H 1
#define HAVE_STRING_H 1
#define HAVE_MEMORY_H 1
#define HAVE_STRINGS_H 1
#define HAVE_INTTYPES_H 1
#define HAVE_STDINT_H 1
#define HAVE_UNISTD_H 1
#define HAVE_DLFCN_H 1
#define LT_OBJDIR ".libs/"
#define SIZEOF_SIZE_T 8
#define HAVE_SYS_MMAN_H 1
#define HAVE_MMAP 1
#define HAVE_MKOSTEMP 1
#define HAVE_MMAP_FILE 1
#define HAVE_MMAP_DEV_ZERO 1
#define HAVE_MMAP_ANON 1
#define STDC_HEADERS 1
#define HAVE_MEMCPY 1
#define HAVE_ALLOCA_H 1
#define HAVE_ALLOCA 1
#define SIZEOF_DOUBLE 8
#define SIZEOF_LONG_DOUBLE 16
#define HAVE_LONG_DOUBLE 1
#define HAVE_AS_CFI_PSEUDO_OP 1
#define HAVE_RO_EH_FRAME 1
#define EH_FRAME_FLAGS "a"
#define HAVE_HIDDEN_VISIBILITY_ATTRIBUTE 1

configure: exit 0
